Instance: mysql3 Memory: 67108864
Loading model from file: model_params/train_ddpg_1604108732_3690
Finish Initializing Networks
DDPG Initialzed!
bash /home/ubuntu/AutoTuner/scripts/run_sysbench.sh read 172.31.60.129 3306 123456 150 /home/ubuntu/AutoTuner/train_result/tmp/1604736332.txt
[Environment Intialize]Tps: 2290.615 Lat:15.135
------------------- Starting to Test -----------------------
bash /home/ubuntu/AutoTuner/scripts/run_sysbench.sh read 172.31.60.129 3306 123456 150 /home/ubuntu/AutoTuner/train_result/tmp/1604736499.txt
*****************************
[2175.8, 16.091, 34813.12]
[2290.6150000000002, 15.135, 36650.471]
[2290.6150000000002, 15.135, 36650.471]
*****************************
$$$$$$$$$$$$$$$$$$$$$$
-0.107911393825
-0.138551109086
-0.126295222981
$$$$$$$$$$$$$$$$$$$$$$
Performance remained!
bash /home/ubuntu/AutoTuner/scripts/run_sysbench.sh read 172.31.60.129 3306 123456 150 /home/ubuntu/AutoTuner/train_result/tmp/1604736666.txt
*****************************
[2184.58, 16.12, 34952.545]
[2290.6150000000002, 15.135, 36650.471]
[2496.576, 13.85, 2496.576]
*****************************
$$$$$$$$$$$$$$$$$$$$$$
-0.106562725124
-0.156424994082
-0.136480086499
$$$$$$$$$$$$$$$$$$$$$$
Performance remained!
bash /home/ubuntu/AutoTuner/scripts/run_sysbench.sh read 172.31.60.129 3306 123456 150 /home/ubuntu/AutoTuner/train_result/tmp/1604736833.txt
*****************************
[2307.416, 15.355, 36919.393]
[2290.6150000000002, 15.135, 36650.471]
[2496.576, 13.85, 2496.576]
*****************************
$$$$$$$$$$$$$$$$$$$$$$
0
-0.0324649921339
-0.0194789952803
$$$$$$$$$$$$$$$$$$$$$$
Performance remained!
bash /home/ubuntu/AutoTuner/scripts/run_sysbench.sh read 172.31.60.129 3306 123456 150 /home/ubuntu/AutoTuner/train_result/tmp/1604737001.txt
*****************************
[2313.7830000000004, 15.057999999999998, 37020.840000000004]
[2290.6150000000002, 15.135, 36650.471]
[2496.576, 13.85, 2496.576]
*****************************
$$$$$$$$$$$$$$$$$$$$$$
0
0
0.0
$$$$$$$$$$$$$$$$$$$$$$
Performance remained!
bash /home/ubuntu/AutoTuner/scripts/run_sysbench.sh read 172.31.60.129 3306 123456 150 /home/ubuntu/AutoTuner/train_result/tmp/1604737168.txt
*****************************
[2316.5780000000004, 15.001000000000001, 37065.483]
[2290.6150000000002, 15.135, 36650.471]
[2496.576, 13.85, 2496.576]
*****************************
$$$$$$$$$$$$$$$$$$$$$$
0
0
0.0
$$$$$$$$$$$$$$$$$$$$$$
Performance remained!
bash /home/ubuntu/AutoTuner/scripts/run_sysbench.sh read 172.31.60.129 3306 123456 150 /home/ubuntu/AutoTuner/train_result/tmp/1604737335.txt
*****************************
[2176.9849999999997, 16.004, 34831.061]
[2290.6150000000002, 15.135, 36650.471]
[2496.576, 13.85, 2496.576]
*****************************
$$$$$$$$$$$$$$$$$$$$$$
-0.114689871466
-0.1365017932
-0.127777024506
$$$$$$$$$$$$$$$$$$$$$$
Performance remained!
bash /home/ubuntu/AutoTuner/scripts/run_sysbench.sh read 172.31.60.129 3306 123456 150 /home/ubuntu/AutoTuner/train_result/tmp/1604737502.txt
*****************************
[2180.877, 15.976000000000003, 34894.44500000001]
[2290.6150000000002, 15.135, 36650.471]
[2496.576, 13.85, 2496.576]
*****************************
$$$$$$$$$$$$$$$$$$$$$$
-0.110516800996
-0.131753874229
-0.123259044936
$$$$$$$$$$$$$$$$$$$$$$
Performance remained!
bash /home/ubuntu/AutoTuner/scripts/run_sysbench.sh read 172.31.60.129 3306 123456 150 /home/ubuntu/AutoTuner/train_result/tmp/1604737669.txt
*****************************
[2311.8579999999997, 14.791999999999998, 36989.975]
[2290.6150000000002, 15.135, 36650.471]
[2496.576, 13.85, 2496.576]
*****************************
$$$$$$$$$$$$$$$$$$$$$$
0
0
0.0
$$$$$$$$$$$$$$$$$$$$$$
Performance remained!
bash /home/ubuntu/AutoTuner/scripts/run_sysbench.sh read 172.31.60.129 3306 123456 150 /home/ubuntu/AutoTuner/train_result/tmp/1604737837.txt
*****************************
[2178.179, 15.946000000000002, 34850.219]
[2290.6150000000002, 15.135, 36650.471]
[2496.576, 13.85, 2496.576]
*****************************
$$$$$$$$$$$$$$$$$$$$$$
-0.113407769963
-0.126693103058
-0.12137896982
$$$$$$$$$$$$$$$$$$$$$$
Performance remained!
bash /home/ubuntu/AutoTuner/scripts/run_sysbench.sh read 172.31.60.129 3306 123456 150 /home/ubuntu/AutoTuner/train_result/tmp/1604738004.txt
*****************************
[2296.7879999999996, 15.385, 36749.659]
[2290.6150000000002, 15.135, 36650.471]
[2496.576, 13.85, 2496.576]
*****************************
$$$$$$$$$$$$$$$$$$$$$$
0
-0.0370004848078
-0.0222002908847
$$$$$$$$$$$$$$$$$$$$$$
Performance remained!
bash /home/ubuntu/AutoTuner/scripts/run_sysbench.sh read 172.31.60.129 3306 123456 150 /home/ubuntu/AutoTuner/train_result/tmp/1604738171.txt
*****************************
[2259.823, 16.323, 36156.953]
[2290.6150000000002, 15.135, 36650.471]
[2496.576, 13.85, 2496.576]
*****************************
$$$$$$$$$$$$$$$$$$$$$$
-0.0296327655903
-0.192279465137
-0.127220785318
$$$$$$$$$$$$$$$$$$$$$$
Performance remained!
bash /home/ubuntu/AutoTuner/scripts/run_sysbench.sh read 172.31.60.129 3306 123456 150 /home/ubuntu/AutoTuner/train_result/tmp/1604738338.txt
*****************************
[2256.4829999999997, 16.294, 36103.36400000001]
[2290.6150000000002, 15.135, 36650.471]
[2496.576, 13.85, 2496.576]
*****************************
$$$$$$$$$$$$$$$$$$$$$$
-0.0329109779629
-0.187079881832
-0.125412320285
$$$$$$$$$$$$$$$$$$$$$$
Performance remained!
bash /home/ubuntu/AutoTuner/scripts/run_sysbench.sh read 172.31.60.129 3306 123456 150 /home/ubuntu/AutoTuner/train_result/tmp/1604738506.txt
*****************************
[2320.934, 15.300999999999998, 37134.698]
[2290.6150000000002, 15.135, 36650.471]
[2496.576, 13.85, 2496.576]
*****************************
$$$$$$$$$$$$$$$$$$$$$$
0
-0.0243669321854
-0.0146201593112
$$$$$$$$$$$$$$$$$$$$$$
Performance remained!
bash /home/ubuntu/AutoTuner/scripts/run_sysbench.sh read 172.31.60.129 3306 123456 150 /home/ubuntu/AutoTuner/train_result/tmp/1604738673.txt
*****************************
[2182.638, 16.063000000000002, 34922.420999999995]
[2290.6150000000002, 15.135, 36650.471]
[2496.576, 13.85, 2496.576]
*****************************
$$$$$$$$$$$$$$$$$$$$$$
-0.108634413158
-0.146584066403
-0.131404205105
$$$$$$$$$$$$$$$$$$$$$$
Performance remained!
bash /home/ubuntu/AutoTuner/scripts/run_sysbench.sh read 172.31.60.129 3306 123456 150 /home/ubuntu/AutoTuner/train_result/tmp/1604738840.txt
*****************************
[2183.973, 15.918000000000001, 34943.52]
[2290.6150000000002, 15.135, 36650.471]
[2496.576, 13.85, 2496.576]
*****************************
$$$$$$$$$$$$$$$$$$$$$$
-0.107209790561
-0.121994205154
-0.116080439317
$$$$$$$$$$$$$$$$$$$$$$
Performance remained!
bash /home/ubuntu/AutoTuner/scripts/run_sysbench.sh read 172.31.60.129 3306 123456 150 /home/ubuntu/AutoTuner/train_result/tmp/1604739007.txt
*****************************
[2276.5679999999998, 16.862000000000002, 36426.468]
[2290.6150000000002, 15.135, 36650.471]
[2496.576, 13.85, 2496.576]
*****************************
$$$$$$$$$$$$$$$$$$$$$$
-0.0133865734245
-0.293694666535
-0.181571429291
$$$$$$$$$$$$$$$$$$$$$$
Performance remained!
bash /home/ubuntu/AutoTuner/scripts/run_sysbench.sh read 172.31.60.129 3306 123456 150 /home/ubuntu/AutoTuner/train_result/tmp/1604739174.txt
*****************************
[2187.8030000000003, 15.860000000000003, 35004.647]
[2290.6150000000002, 15.135, 36650.471]
[2496.576, 13.85, 2496.576]
*****************************
$$$$$$$$$$$$$$$$$$$$$$
-0.10313415
-0.112335806149
-0.108655143689
$$$$$$$$$$$$$$$$$$$$$$
Performance remained!
bash /home/ubuntu/AutoTuner/scripts/run_sysbench.sh read 172.31.60.129 3306 123456 150 /home/ubuntu/AutoTuner/train_result/tmp/1604739342.txt
*****************************
[2185.3370000000004, 15.975000000000003, 34966.139]
[2290.6150000000002, 15.135, 36650.471]
[2496.576, 13.85, 2496.576]
*****************************
$$$$$$$$$$$$$$$$$$$$$$
-0.10575635804
-0.131584744041
-0.121253389641
$$$$$$$$$$$$$$$$$$$$$$
Performance remained!
bash /home/ubuntu/AutoTuner/scripts/run_sysbench.sh read 172.31.60.129 3306 123456 150 /home/ubuntu/AutoTuner/train_result/tmp/1604739509.txt
*****************************
[2302.06, 15.086000000000002, 36833.401]
[2290.6150000000002, 15.135, 36650.471]
[2496.576, 13.85, 2496.576]
*****************************
$$$$$$$$$$$$$$$$$$$$$$
0
0
0.0
$$$$$$$$$$$$$$$$$$$$$$
Performance remained!
bash /home/ubuntu/AutoTuner/scripts/run_sysbench.sh read 172.31.60.129 3306 123456 150 /home/ubuntu/AutoTuner/train_result/tmp/1604739676.txt
*****************************
[2287.8720000000003, 15.607, 36606.244]
[2290.6150000000002, 15.135, 36650.471]
[2496.576, 13.85, 2496.576]
*****************************
$$$$$$$$$$$$$$$$$$$$$$
-0.00259675566894
-0.0713803911139
-0.0438669369359
$$$$$$$$$$$$$$$$$$$$$$
Performance remained!
bash /home/ubuntu/AutoTuner/scripts/run_sysbench.sh read 172.31.60.129 3306 123456 150 /home/ubuntu/AutoTuner/train_result/tmp/1604739843.txt
*****************************
[2272.859, 15.662, 36365.28]
[2290.6150000000002, 15.135, 36650.471]
[2496.576, 13.85, 2496.576]
*****************************
$$$$$$$$$$$$$$$$$$$$$$
-0.0169579720797
-0.0801219709065
-0.0548563713758
$$$$$$$$$$$$$$$$$$$$$$
Performance remained!
bash /home/ubuntu/AutoTuner/scripts/run_sysbench.sh read 172.31.60.129 3306 123456 150 /home/ubuntu/AutoTuner/train_result/tmp/1604740011.txt
*****************************
[2186.02, 15.832000000000003, 34977.208]
[2290.6150000000002, 15.135, 36650.471]
[2496.576, 13.85, 2496.576]
*****************************
$$$$$$$$$$$$$$$$$$$$$$
-0.105029387397
-0.107709266764
-0.106637315017
$$$$$$$$$$$$$$$$$$$$$$
Performance remained!
bash /home/ubuntu/AutoTuner/scripts/run_sysbench.sh read 172.31.60.129 3306 123456 150 /home/ubuntu/AutoTuner/train_result/tmp/1604740178.txt
*****************************
[2301.699, 15.053999999999998, 36826.861]
[2290.6150000000002, 15.135, 36650.471]
[2496.576, 13.85, 2496.576]
*****************************
$$$$$$$$$$$$$$$$$$$$$$
0
0
0.0
$$$$$$$$$$$$$$$$$$$$$$
Performance remained!
bash /home/ubuntu/AutoTuner/scripts/run_sysbench.sh read 172.31.60.129 3306 123456 150 /home/ubuntu/AutoTuner/train_result/tmp/1604740345.txt
*****************************
[2187.8419999999996, 16.033, 35004.14]
[2290.6150000000002, 15.135, 36650.471]
[2496.576, 13.85, 2496.576]
*****************************
$$$$$$$$$$$$$$$$$$$$$$
-0.103092736197
-0.141444296659
-0.126103672474
$$$$$$$$$$$$$$$$$$$$$$
Performance remained!
bash /home/ubuntu/AutoTuner/scripts/run_sysbench.sh read 172.31.60.129 3306 123456 150 /home/ubuntu/AutoTuner/train_result/tmp/1604740512.txt
*****************************
[2308.58, 15.243, 36936.685000000005]
[2290.6150000000002, 15.135, 36650.471]
[2496.576, 13.85, 2496.576]
*****************************
$$$$$$$$$$$$$$$$$$$$$$
0
-0.015762995766
-0.00945779745958
$$$$$$$$$$$$$$$$$$$$$$
Performance remained!
bash /home/ubuntu/AutoTuner/scripts/run_sysbench.sh read 172.31.60.129 3306 123456 150 /home/ubuntu/AutoTuner/train_result/tmp/1604740680.txt
*****************************
[2286.13, 15.437999999999999, 36578.615999999995]
[2290.6150000000002, 15.135, 36650.471]
[2496.576, 13.85, 2496.576]
*****************************
$$$$$$$$$$$$$$$$$$$$$$
-0.00425022871164
-0.0450772171983
-0.0287464218036
$$$$$$$$$$$$$$$$$$$$$$
Performance remained!
bash /home/ubuntu/AutoTuner/scripts/run_sysbench.sh read 172.31.60.129 3306 123456 150 /home/ubuntu/AutoTuner/train_result/tmp/1604740847.txt
*****************************
[2182.3779999999997, 16.062000000000005, 34917.651]
[2290.6150000000002, 15.135, 36650.471]
[2496.576, 13.85, 2496.576]
*****************************
$$$$$$$$$$$$$$$$$$$$$$
-0.108912108558
-0.146412300543
-0.131412223749
$$$$$$$$$$$$$$$$$$$$$$
Performance remained!
bash /home/ubuntu/AutoTuner/scripts/run_sysbench.sh read 172.31.60.129 3306 123456 150 /home/ubuntu/AutoTuner/train_result/tmp/1604741014.txt
*****************************
[2289.8149999999996, 15.55, 36637.993]
[2290.6150000000002, 15.135, 36650.471]
[2496.576, 13.85, 2496.576]
*****************************
$$$$$$$$$$$$$$$$$$$$$$
-0.000756482893896
-0.0624151464266
-0.0377516810135
$$$$$$$$$$$$$$$$$$$$$$
Performance remained!
bash /home/ubuntu/AutoTuner/scripts/run_sysbench.sh read 172.31.60.129 3306 123456 150 /home/ubuntu/AutoTuner/train_result/tmp/1604741181.txt
*****************************
[2392.278, 15.918000000000001, 38276.182]
[2290.6150000000002, 15.135, 36650.471]
[2496.576, 13.85, 2496.576]
*****************************
$$$$$$$$$$$$$$$$$$$$$$
0
-0.121994205154
-0.0731965230921
$$$$$$$$$$$$$$$$$$$$$$
Performance remained!
bash /home/ubuntu/AutoTuner/scripts/run_sysbench.sh read 172.31.60.129 3306 123456 150 /home/ubuntu/AutoTuner/train_result/tmp/1604741349.txt
*****************************
[2179.675, 16.063000000000002, 34874.758]
[2290.6150000000002, 15.135, 36650.471]
[2496.576, 13.85, 2496.576]
*****************************
$$$$$$$$$$$$$$$$$$$$$$
-0.111803726006
-0.146584066403
-0.132671930244
$$$$$$$$$$$$$$$$$$$$$$
Performance remained!
bash /home/ubuntu/AutoTuner/scripts/run_sysbench.sh read 172.31.60.129 3306 123456 150 /home/ubuntu/AutoTuner/train_result/tmp/1604741516.txt
*****************************
[2260.299, 17.043, 36164.53300000001]
[2290.6150000000002, 15.135, 36650.471]
[2496.576, 13.85, 2496.576]
*****************************
$$$$$$$$$$$$$$$$$$$$$$
-0.029166594461
-0.329813810919
-0.209554924336
$$$$$$$$$$$$$$$$$$$$$$
Performance remained!
bash /home/ubuntu/AutoTuner/scripts/run_sysbench.sh read 172.31.60.129 3306 123456 150 /home/ubuntu/AutoTuner/train_result/tmp/1604741683.txt
*****************************
[2265.285, 16.236, 36245.068]
[2290.6150000000002, 15.135, 36650.471]
[2496.576, 13.85, 2496.576]
*****************************
$$$$$$$$$$$$$$$$$$$$$$
-0.0242988724894
-0.176758415732
-0.115774598435
$$$$$$$$$$$$$$$$$$$$$$
Performance remained!
bash /home/ubuntu/AutoTuner/scripts/run_sysbench.sh read 172.31.60.129 3306 123456 150 /home/ubuntu/AutoTuner/train_result/tmp/1604741850.txt
*****************************
[2337.815, 14.030000000000001, 37405.44499999999]
[2290.6150000000002, 15.135, 36650.471]
[2496.576, 13.85, 2496.576]
*****************************
$$$$$$$$$$$$$$$$$$$$$$
0
0
0.0
$$$$$$$$$$$$$$$$$$$$$$
Performance remained!
bash /home/ubuntu/AutoTuner/scripts/run_sysbench.sh read 172.31.60.129 3306 123456 150 /home/ubuntu/AutoTuner/train_result/tmp/1604742017.txt
*****************************
[2290.502, 15.325999999999999, 36647.464]
[2290.6150000000002, 15.135, 36650.471]
[2496.576, 13.85, 2496.576]
*****************************
$$$$$$$$$$$$$$$$$$$$$$
-0.00010681003731
-0.0281055262269
-0.0169060397511
$$$$$$$$$$$$$$$$$$$$$$
Performance remained!
bash /home/ubuntu/AutoTuner/scripts/run_sysbench.sh read 172.31.60.129 3306 123456 150 /home/ubuntu/AutoTuner/train_result/tmp/1604742185.txt
*****************************
[2320.597, 15.163, 37129.41299999999]
[2290.6150000000002, 15.135, 36650.471]
[2496.576, 13.85, 2496.576]
*****************************
$$$$$$$$$$$$$$$$$$$$$$
0
-0.00405454853568
-0.00243272912141
$$$$$$$$$$$$$$$$$$$$$$
Performance remained!
bash /home/ubuntu/AutoTuner/scripts/run_sysbench.sh read 172.31.60.129 3306 123456 150 /home/ubuntu/AutoTuner/train_result/tmp/1604742352.txt
*****************************
[2295.021, 15.328999999999999, 36720.386000000006]
[2290.6150000000002, 15.135, 36650.471]
[2496.576, 13.85, 2496.576]
*****************************
$$$$$$$$$$$$$$$$$$$$$$
0
-0.0285553742774
-0.0171332245664
$$$$$$$$$$$$$$$$$$$$$$
Performance remained!
bash /home/ubuntu/AutoTuner/scripts/run_sysbench.sh read 172.31.60.129 3306 123456 150 /home/ubuntu/AutoTuner/train_result/tmp/1604742519.txt
*****************************
[2174.399, 15.946000000000003, 34789.662]
[2290.6150000000002, 15.135, 36650.471]
[2496.576, 13.85, 2496.576]
*****************************
$$$$$$$$$$$$$$$$$$$$$$
-0.117472375036
-0.126693103058
-0.123004811849
$$$$$$$$$$$$$$$$$$$$$$
Performance remained!
bash /home/ubuntu/AutoTuner/scripts/run_sysbench.sh read 172.31.60.129 3306 123456 150 /home/ubuntu/AutoTuner/train_result/tmp/1604742686.txt
*****************************
[2292.953, 15.498000000000001, 36687.891]
[2290.6150000000002, 15.135, 36650.471]
[2496.576, 13.85, 2496.576]
*****************************
$$$$$$$$$$$$$$$$$$$$$$
0
-0.0543196782102
-0.0325918069261
$$$$$$$$$$$$$$$$$$$$$$
Performance remained!
bash /home/ubuntu/AutoTuner/scripts/run_sysbench.sh read 172.31.60.129 3306 123456 150 /home/ubuntu/AutoTuner/train_result/tmp/1604742854.txt
*****************************
[2293.4089999999997, 15.297999999999998, 36695.418]
[2290.6150000000002, 15.135, 36650.471]
[2496.576, 13.85, 2496.576]
*****************************
$$$$$$$$$$$$$$$$$$$$$$
0
-0.0239195168451
-0.0143517101071
$$$$$$$$$$$$$$$$$$$$$$
Performance remained!
bash /home/ubuntu/AutoTuner/scripts/run_sysbench.sh read 172.31.60.129 3306 123456 150 /home/ubuntu/AutoTuner/train_result/tmp/1604743021.txt
*****************************
[2288.321, 15.41, 36613.259]
[2290.6150000000002, 15.135, 36650.471]
[2496.576, 13.85, 2496.576]
*****************************
$$$$$$$$$$$$$$$$$$$$$$
-0.00217112119252
-0.0408000634077
-0.0253484865216
$$$$$$$$$$$$$$$$$$$$$$
Performance remained!
bash /home/ubuntu/AutoTuner/scripts/run_sysbench.sh read 172.31.60.129 3306 123456 150 /home/ubuntu/AutoTuner/train_result/tmp/1604743188.txt
*****************************
[2178.4809999999998, 15.947, 34853.797999999995]
[2290.6150000000002, 15.135, 36650.471]
[2496.576, 13.85, 2496.576]
*****************************
$$$$$$$$$$$$$$$$$$$$$$
-0.113083749213
-0.12686135787
-0.121350314407
$$$$$$$$$$$$$$$$$$$$$$
Performance remained!
bash /home/ubuntu/AutoTuner/scripts/run_sysbench.sh read 172.31.60.129 3306 123456 150 /home/ubuntu/AutoTuner/train_result/tmp/1604743355.txt
*****************************
[2329.8599999999997, 14.973000000000003, 37278.411]
[2290.6150000000002, 15.135, 36650.471]
[2496.576, 13.85, 2496.576]
*****************************
$$$$$$$$$$$$$$$$$$$$$$
0
0
0.0
$$$$$$$$$$$$$$$$$$$$$$
Performance remained!
bash /home/ubuntu/AutoTuner/scripts/run_sysbench.sh read 172.31.60.129 3306 123456 150 /home/ubuntu/AutoTuner/train_result/tmp/1604743523.txt
*****************************
[2178.3559999999998, 16.033000000000005, 34853.732]
[2290.6150000000002, 15.135, 36650.471]
[2496.576, 13.85, 2496.576]
*****************************
$$$$$$$$$$$$$$$$$$$$$$
-0.113217850891
-0.141444296659
-0.130153718351
$$$$$$$$$$$$$$$$$$$$$$
Performance remained!
bash /home/ubuntu/AutoTuner/scripts/run_sysbench.sh read 172.31.60.129 3306 123456 150 /home/ubuntu/AutoTuner/train_result/tmp/1604743690.txt
*****************************
[2297.286, 15.242999999999999, 36756.820999999996]
[2290.6150000000002, 15.135, 36650.471]
[2496.576, 13.85, 2496.576]
*****************************
$$$$$$$$$$$$$$$$$$$$$$
0
-0.015762995766
-0.00945779745958
$$$$$$$$$$$$$$$$$$$$$$
Performance remained!
bash /home/ubuntu/AutoTuner/scripts/run_sysbench.sh read 172.31.60.129 3306 123456 150 /home/ubuntu/AutoTuner/train_result/tmp/1604743857.txt
*****************************
[2279.644, 16.62, 36474.331]
[2290.6150000000002, 15.135, 36650.471]
[2496.576, 13.85, 2496.576]
*****************************
$$$$$$$$$$$$$$$$$$$$$$
-0.0104363640046
-0.247032996392
-0.152394343437
$$$$$$$$$$$$$$$$$$$$$$
Performance remained!
bash /home/ubuntu/AutoTuner/scripts/run_sysbench.sh read 172.31.60.129 3306 123456 150 /home/ubuntu/AutoTuner/train_result/tmp/1604744024.txt
*****************************
[2297.259, 15.382, 36756.634]
[2290.6150000000002, 15.135, 36650.471]
[2496.576, 13.85, 2496.576]
*****************************
$$$$$$$$$$$$$$$$$$$$$$
0
-0.0365457579927
-0.0219274547956
$$$$$$$$$$$$$$$$$$$$$$
Performance remained!
bash /home/ubuntu/AutoTuner/scripts/run_sysbench.sh read 172.31.60.129 3306 123456 150 /home/ubuntu/AutoTuner/train_result/tmp/1604744191.txt
*****************************
[2292.451, 15.437999999999999, 36679.153000000006]
[2290.6150000000002, 15.135, 36650.471]
[2496.576, 13.85, 2496.576]
*****************************
$$$$$$$$$$$$$$$$$$$$$$
0
-0.0450772171983
-0.027046330319
$$$$$$$$$$$$$$$$$$$$$$
Performance remained!
bash /home/ubuntu/AutoTuner/scripts/run_sysbench.sh read 172.31.60.129 3306 123456 150 /home/ubuntu/AutoTuner/train_result/tmp/1604744359.txt
*****************************
[2272.641, 15.832000000000003, 36362.331]
[2290.6150000000002, 15.135, 36650.471]
[2496.576, 13.85, 2496.576]
*****************************
$$$$$$$$$$$$$$$$$$$$$$
-0.0171683637021
-0.107709266764
-0.0714929055392
$$$$$$$$$$$$$$$$$$$$$$
Performance remained!
bash /home/ubuntu/AutoTuner/scripts/run_sysbench.sh read 172.31.60.129 3306 123456 150 /home/ubuntu/AutoTuner/train_result/tmp/1604744526.txt
*****************************
[2272.9360000000006, 15.718, 36366.81300000001]
[2290.6150000000002, 15.135, 36650.471]
[2496.576, 13.85, 2496.576]
*****************************
$$$$$$$$$$$$$$$$$$$$$$
-0.0168836721655
-0.0891145491767
-0.0602221983722
$$$$$$$$$$$$$$$$$$$$$$
Performance remained!
bash /home/ubuntu/AutoTuner/scripts/run_sysbench.sh read 172.31.60.129 3306 123456 150 /home/ubuntu/AutoTuner/train_result/tmp/1604744693.txt
*****************************
[2287.51, 15.862, 36600.626000000004]
[2290.6150000000002, 15.135, 36650.471]
[2496.576, 13.85, 2496.576]
*****************************
$$$$$$$$$$$$$$$$$$$$$$
-0.002940080967
-0.112667172587
-0.068776335939
$$$$$$$$$$$$$$$$$$$$$$
Performance remained!
------------------- Testing Finished -----------------------
Knobs are saved at: test_knob/eval_ddpg_1604736324.pkl
Proposal Knob At 32
